<?xml version="1.0" encoding="UTF-8"?>
<testsuite name="LeetspeakTest" tests="5" skipped="0" failures="0" errors="0" timestamp="2016-01-07T23:34:48" hostname="epicodus-29.local" time="0.003">
  <properties/>
  <testcase name="toLeetSpeak_replaceUppercaseIInAStringTo1_wordChanges" classname="LeetspeakTest" time="0.001"/>
  <testcase name="leetspeak_doesNotReplaceSWhenFirstLetter_wordChanges" classname="LeetspeakTest" time="0.0"/>
  <testcase name="toLeetSpeak_replaceEInAStringTo3_wordChanges" classname="LeetspeakTest" time="0.0"/>
  <testcase name="toLeetSpeak_replaceAllInstancesOfSInAStringToZ_wordChanges" classname="LeetspeakTest" time="0.0"/>
  <testcase name="toLeetSpeak_replaceOInAStringTo0_wordChanges" classname="LeetspeakTest" time="0.0"/>
  <system-out><![CDATA[]]></system-out>
  <system-err><![CDATA[]]></system-err>
</testsuite>
